# JRE version: OpenJDK Runtime Environment Temurin-21.0.8+9 (21.0.8+9) (build 21.0.8+9-LTS)
# Java VM: OpenJDK 64-Bit Server VM Temurin-21.0.8+9 (21.0.8+9-LTS, mixed mode, sharing, tiered, compressed oops, compressed class ptrs, parallel gc, windows-amd64)
GC Precious Log:
 CardTable entry size: 512
 CPUs: 8 total, 8 available
 Memory: 16222M
 Large Page Support: Disabled
 NUMA Support: Disabled
 Compressed Oops: Enabled (32-bit)
 Alignments: Space 512K, Generation 512K, Heap 2M
 Heap Min Capacity: 100M
 Heap Initial Capacity: 100M
 Heap Max Capacity: 2G
 Pre-touch: Disabled
 Parallel Workers: 8
Heap:
 PSYoungGen      total 6144K, used 5852K [0x00000000d5580000, 0x00000000d5d80000, 0x0000000100000000)
  eden space 5120K, 94% used [0x00000000d5580000,0x00000000d5a38f30,0x00000000d5a80000)
  from space 1024K, 99% used [0x00000000d5c80000,0x00000000d5d7e410,0x00000000d5d80000)
  to   space 2048K, 0% used [0x00000000d5a80000,0x00000000d5a80000,0x00000000d5c80000)
 ParOldGen       total 1111552K, used 1111183K [0x0000000080000000, 0x00000000c3d80000, 0x00000000d5580000)
  object space 1111552K, 99% used [0x0000000080000000,0x00000000c3d23ff0,0x00000000c3d80000)
 Metaspace       used 89510K, committed 91008K, reserved 1179648K
  class space    used 9199K, committed 9856K, reserved 1048576K
GC Heap History (20 events):
Event: 976.738 GC heap before
{Heap before GC invocations=3394 (full 5):
 PSYoungGen      total 6144K, used 5856K [0x00000000d5580000, 0x00000000d5d00000, 0x0000000100000000)
  eden space 5120K, 100% used [0x00000000d5580000,0x00000000d5a80000,0x00000000d5a80000)
  from space 1024K, 71% used [0x00000000d5b80000,0x00000000d5c38000,0x00000000d5c80000)
  to   space 1024K, 0% used [0x00000000d5a80000,0x00000000d5a80000,0x00000000d5b80000)
 ParOldGen       total 1097728K, used 1097701K [0x0000000080000000, 0x00000000c3000000, 0x00000000d5580000)
  object space 1097728K, 99% used [0x0000000080000000,0x00000000c2ff9520,0x00000000c3000000)
 Metaspace       used 89487K, committed 91008K, reserved 1179648K
  class space    used 9199K, committed 9856K, reserved 1048576K
}
Event: 976.744 GC heap after
{Heap after GC invocations=3394 (full 5):
 PSYoungGen      total 6144K, used 1014K [0x00000000d5580000, 0x00000000d5e80000, 0x0000000100000000)
  eden space 5120K, 0% used [0x00000000d5580000,0x00000000d5580000,0x00000000d5a80000)
  from space 1024K, 99% used [0x00000000d5a80000,0x00000000d5b7d9e8,0x00000000d5b80000)
  to   space 2048K, 0% used [0x00000000d5c80000,0x00000000d5c80000,0x00000000d5e80000)
 ParOldGen       total 1098752K, used 1098525K [0x0000000080000000, 0x00000000c3100000, 0x00000000d5580000)
  object space 1098752K, 99% used [0x0000000080000000,0x00000000c30c7520,0x00000000c3100000)
 Metaspace       used 89487K, committed 91008K, reserved 1179648K
  class space    used 9199K, committed 9856K, reserved 1048576K
}
Event: 976.789 GC heap before
{Heap before GC invocations=3395 (full 5):
 PSYoungGen      total 6144K, used 6134K [0x00000000d5580000, 0x00000000d5e80000, 0x0000000100000000)
  eden space 5120K, 100% used [0x00000000d5580000,0x00000000d5a80000,0x00000000d5a80000)
  from space 1024K, 99% used [0x00000000d5a80000,0x00000000d5b7d9e8,0x00000000d5b80000)
  to   space 2048K, 0% used [0x00000000d5c80000,0x00000000d5c80000,0x00000000d5e80000)
 ParOldGen       total 1098752K, used 1098525K [0x0000000080000000, 0x00000000c3100000, 0x00000000d5580000)
  object space 1098752K, 99% used [0x0000000080000000,0x00000000c30c7520,0x00000000c3100000)
 Metaspace       used 89488K, committed 91008K, reserved 1179648K
  class space    used 9199K, committed 9856K, reserved 1048576K
}
Event: 976.796 GC heap after
{Heap after GC invocations=3395 (full 5):
 PSYoungGen      total 7168K, used 1788K [0x00000000d5580000, 0x00000000d5e80000, 0x0000000100000000)
  eden space 5120K, 0% used [0x00000000d5580000,0x00000000d5580000,0x00000000d5a80000)
  from space 2048K, 87% used [0x00000000d5c80000,0x00000000d5e3f3a0,0x00000000d5e80000)
  to   space 2048K, 0% used [0x00000000d5a80000,0x00000000d5a80000,0x00000000d5c80000)
 ParOldGen       total 1099776K, used 1099528K [0x0000000080000000, 0x00000000c3200000, 0x00000000d5580000)
  object space 1099776K, 99% used [0x0000000080000000,0x00000000c31c2398,0x00000000c3200000)
 Metaspace       used 89488K, committed 91008K, reserved 1179648K
  class space    used 9199K, committed 9856K, reserved 1048576K
}
Event: 976.856 GC heap before
{Heap before GC invocations=3396 (full 5):
 PSYoungGen      total 7168K, used 6908K [0x00000000d5580000, 0x00000000d5e80000, 0x0000000100000000)
  eden space 5120K, 100% used [0x00000000d5580000,0x00000000d5a80000,0x00000000d5a80000)
  from space 2048K, 87% used [0x00000000d5c80000,0x00000000d5e3f3a0,0x00000000d5e80000)
  to   space 2048K, 0% used [0x00000000d5a80000,0x00000000d5a80000,0x00000000d5c80000)
 ParOldGen       total 1099776K, used 1099528K [0x0000000080000000, 0x00000000c3200000, 0x00000000d5580000)
  object space 1099776K, 99% used [0x0000000080000000,0x00000000c31c2398,0x00000000c3200000)
 Metaspace       used 89488K, committed 91008K, reserved 1179648K
  class space    used 9199K, committed 9856K, reserved 1048576K
}
Event: 976.863 GC heap after
{Heap after GC invocations=3396 (full 5):
 PSYoungGen      total 7168K, used 1920K [0x00000000d5580000, 0x00000000d5e80000, 0x0000000100000000)
  eden space 5120K, 0% used [0x00000000d5580000,0x00000000d5580000,0x00000000d5a80000)
  from space 2048K, 93% used [0x00000000d5a80000,0x00000000d5c60020,0x00000000d5c80000)
  to   space 2048K, 0% used [0x00000000d5c80000,0x00000000d5c80000,0x00000000d5e80000)
 ParOldGen       total 1101312K, used 1101164K [0x0000000080000000, 0x00000000c3380000, 0x00000000d5580000)
  object space 1101312K, 99% used [0x0000000080000000,0x00000000c335b0a8,0x00000000c3380000)
 Metaspace       used 89488K, committed 91008K, reserved 1179648K
  class space    used 9199K, committed 9856K, reserved 1048576K
}
Event: 977.028 GC heap before
{Heap before GC invocations=3397 (full 5):
 PSYoungGen      total 7168K, used 7040K [0x00000000d5580000, 0x00000000d5e80000, 0x0000000100000000)
  eden space 5120K, 100% used [0x00000000d5580000,0x00000000d5a80000,0x00000000d5a80000)
  from space 2048K, 93% used [0x00000000d5a80000,0x00000000d5c60020,0x00000000d5c80000)
  to   space 2048K, 0% used [0x00000000d5c80000,0x00000000d5c80000,0x00000000d5e80000)
 ParOldGen       total 1101312K, used 1101164K [0x0000000080000000, 0x00000000c3380000, 0x00000000d5580000)
  object space 1101312K, 99% used [0x0000000080000000,0x00000000c335b0a8,0x00000000c3380000)
 Metaspace       used 89497K, committed 91008K, reserved 1179648K
  class space    used 9199K, committed 9856K, reserved 1048576K
}
Event: 977.036 GC heap after
{Heap after GC invocations=3397 (full 5):
 PSYoungGen      total 6144K, used 918K [0x00000000d5580000, 0x00000000d5d80000, 0x0000000100000000)
  eden space 5120K, 0% used [0x00000000d5580000,0x00000000d5580000,0x00000000d5a80000)
  from space 1024K, 89% used [0x00000000d5c80000,0x00000000d5d659d0,0x00000000d5d80000)
  to   space 1536K, 0% used [0x00000000d5a80000,0x00000000d5a80000,0x00000000d5c00000)
 ParOldGen       total 1103360K, used 1102924K [0x0000000080000000, 0x00000000c3580000, 0x00000000d5580000)
  object space 1103360K, 99% used [0x0000000080000000,0x00000000c35130c8,0x00000000c3580000)
 Metaspace       used 89497K, committed 91008K, reserved 1179648K
  class space    used 9199K, committed 9856K, reserved 1048576K
}
Event: 977.154 GC heap before
{Heap before GC invocations=3398 (full 5):
 PSYoungGen      total 6144K, used 6038K [0x00000000d5580000, 0x00000000d5d80000, 0x0000000100000000)
  eden space 5120K, 99% used [0x00000000d5580000,0x00000000d5a7fff0,0x00000000d5a80000)
  from space 1024K, 89% used [0x00000000d5c80000,0x00000000d5d659d0,0x00000000d5d80000)
  to   space 1536K, 0% used [0x00000000d5a80000,0x00000000d5a80000,0x00000000d5c00000)
 ParOldGen       total 1103360K, used 1102924K [0x0000000080000000, 0x00000000c3580000, 0x00000000d5580000)
  object space 1103360K, 99% used [0x0000000080000000,0x00000000c35130c8,0x00000000c3580000)
 Metaspace       used 89500K, committed 91008K, reserved 1179648K
  class space    used 9199K, committed 9856K, reserved 1048576K
}
Event: 977.159 GC heap after
{Heap after GC invocations=3398 (full 5):
 PSYoungGen      total 6656K, used 160K [0x00000000d5580000, 0x00000000d5d00000, 0x0000000100000000)
  eden space 5120K, 0% used [0x00000000d5580000,0x00000000d5580000,0x00000000d5a80000)
  from space 1536K, 10% used [0x00000000d5a80000,0x00000000d5aa8000,0x00000000d5c00000)
  to   space 512K, 0% used [0x00000000d5c80000,0x00000000d5c80000,0x00000000d5d00000)
 ParOldGen       total 1103872K, used 1103812K [0x0000000080000000, 0x00000000c3600000, 0x00000000d5580000)
  object space 1103872K, 99% used [0x0000000080000000,0x00000000c35f10a8,0x00000000c3600000)
 Metaspace       used 89500K, committed 91008K, reserved 1179648K
  class space    used 9199K, committed 9856K, reserved 1048576K
}
Event: 977.381 GC heap before
{Heap before GC invocations=3399 (full 5):
 PSYoungGen      total 6656K, used 5280K [0x00000000d5580000, 0x00000000d5d00000, 0x0000000100000000)
  eden space 5120K, 100% used [0x00000000d5580000,0x00000000d5a80000,0x00000000d5a80000)
  from space 1536K, 10% used [0x00000000d5a80000,0x00000000d5aa8000,0x00000000d5c00000)
  to   space 512K, 0% used [0x00000000d5c80000,0x00000000d5c80000,0x00000000d5d00000)
 ParOldGen       total 1103872K, used 1103812K [0x0000000080000000, 0x00000000c3600000, 0x00000000d5580000)
  object space 1103872K, 99% used [0x0000000080000000,0x00000000c35f10a8,0x00000000c3600000)
 Metaspace       used 89500K, committed 91008K, reserved 1179648K
  class space    used 9199K, committed 9856K, reserved 1048576K
}
Event: 977.387 GC heap after
{Heap after GC invocations=3399 (full 5):
 PSYoungGen      total 5632K, used 502K [0x00000000d5580000, 0x00000000d5d80000, 0x0000000100000000)
  eden space 5120K, 0% used [0x00000000d5580000,0x00000000d5580000,0x00000000d5a80000)
  from space 512K, 98% used [0x00000000d5c80000,0x00000000d5cfd9c0,0x00000000d5d00000)
  to   space 1536K, 0% used [0x00000000d5a80000,0x00000000d5a80000,0x00000000d5c00000)
 ParOldGen       total 1104896K, used 1104452K [0x0000000080000000, 0x00000000c3700000, 0x00000000d5580000)
  object space 1104896K, 99% used [0x0000000080000000,0x00000000c36910d8,0x00000000c3700000)
 Metaspace       used 89500K, committed 91008K, reserved 1179648K
  class space    used 9199K, committed 9856K, reserved 1048576K
}
Event: 977.429 GC heap before
{Heap before GC invocations=3400 (full 5):
 PSYoungGen      total 5632K, used 5622K [0x00000000d5580000, 0x00000000d5d80000, 0x0000000100000000)
  eden space 5120K, 100% used [0x00000000d5580000,0x00000000d5a80000,0x00000000d5a80000)
  from space 512K, 98% used [0x00000000d5c80000,0x00000000d5cfd9c0,0x00000000d5d00000)
  to   space 1536K, 0% used [0x00000000d5a80000,0x00000000d5a80000,0x00000000d5c00000)
 ParOldGen       total 1104896K, used 1104452K [0x0000000080000000, 0x00000000c3700000, 0x00000000d5580000)
  object space 1104896K, 99% used [0x0000000080000000,0x00000000c36910d8,0x00000000c3700000)
 Metaspace       used 89500K, committed 91008K, reserved 1179648K
  class space    used 9199K, committed 9856K, reserved 1048576K
}
Event: 977.435 GC heap after
{Heap after GC invocations=3400 (full 5):
 PSYoungGen      total 6656K, used 1510K [0x00000000d5580000, 0x00000000d5f80000, 0x0000000100000000)
  eden space 5120K, 0% used [0x00000000d5580000,0x00000000d5580000,0x00000000d5a80000)
  from space 1536K, 98% used [0x00000000d5a80000,0x00000000d5bf99d0,0x00000000d5c00000)
  to   space 2560K, 0% used [0x00000000d5d00000,0x00000000d5d00000,0x00000000d5f80000)
 ParOldGen       total 1105408K, used 1105063K [0x0000000080000000, 0x00000000c3780000, 0x00000000d5580000)
  object space 1105408K, 99% used [0x0000000080000000,0x00000000c3729e98,0x00000000c3780000)
 Metaspace       used 89500K, committed 91008K, reserved 1179648K
  class space    used 9199K, committed 9856K, reserved 1048576K
}
Event: 977.589 GC heap before
{Heap before GC invocations=3401 (full 5):
 PSYoungGen      total 6656K, used 6630K [0x00000000d5580000, 0x00000000d5f80000, 0x0000000100000000)
  eden space 5120K, 100% used [0x00000000d5580000,0x00000000d5a80000,0x00000000d5a80000)
  from space 1536K, 98% used [0x00000000d5a80000,0x00000000d5bf99d0,0x00000000d5c00000)
  to   space 2560K, 0% used [0x00000000d5d00000,0x00000000d5d00000,0x00000000d5f80000)
 ParOldGen       total 1105408K, used 1105063K [0x0000000080000000, 0x00000000c3780000, 0x00000000d5580000)
  object space 1105408K, 99% used [0x0000000080000000,0x00000000c3729e98,0x00000000c3780000)
 Metaspace       used 89501K, committed 91008K, reserved 1179648K
  class space    used 9199K, committed 9856K, reserved 1048576K
}
Event: 977.597 GC heap after
{Heap after GC invocations=3401 (full 5):
 PSYoungGen      total 6656K, used 1248K [0x00000000d5580000, 0x00000000d5e80000, 0x0000000100000000)
  eden space 5120K, 0% used [0x00000000d5580000,0x00000000d5580000,0x00000000d5a80000)
  from space 1536K, 81% used [0x00000000d5d00000,0x00000000d5e38020,0x00000000d5e80000)
  to   space 2048K, 0% used [0x00000000d5a80000,0x00000000d5a80000,0x00000000d5c80000)
 ParOldGen       total 1106944K, used 1106552K [0x0000000080000000, 0x00000000c3900000, 0x00000000d5580000)
  object space 1106944K, 99% used [0x0000000080000000,0x00000000c389e2f8,0x00000000c3900000)
 Metaspace       used 89501K, committed 91008K, reserved 1179648K
  class space    used 9199K, committed 9856K, reserved 1048576K
}
Event: 977.956 GC heap before
{Heap before GC invocations=3402 (full 5):
 PSYoungGen      total 6656K, used 6368K [0x00000000d5580000, 0x00000000d5e80000, 0x0000000100000000)
  eden space 5120K, 100% used [0x00000000d5580000,0x00000000d5a80000,0x00000000d5a80000)
  from space 1536K, 81% used [0x00000000d5d00000,0x00000000d5e38020,0x00000000d5e80000)
  to   space 2048K, 0% used [0x00000000d5a80000,0x00000000d5a80000,0x00000000d5c80000)
 ParOldGen       total 1106944K, used 1106552K [0x0000000080000000, 0x00000000c3900000, 0x00000000d5580000)
  object space 1106944K, 99% used [0x0000000080000000,0x00000000c389e2f8,0x00000000c3900000)
 Metaspace       used 89510K, committed 91008K, reserved 1179648K
  class space    used 9199K, committed 9856K, reserved 1048576K
}
Event: 977.965 GC heap after
{Heap after GC invocations=3402 (full 5):
 PSYoungGen      total 7168K, used 777K [0x00000000d5580000, 0x00000000d5d80000, 0x0000000100000000)
  eden space 5120K, 0% used [0x00000000d5580000,0x00000000d5580000,0x00000000d5a80000)
  from space 2048K, 37% used [0x00000000d5a80000,0x00000000d5b426b8,0x00000000d5c80000)
  to   space 1024K, 0% used [0x00000000d5c80000,0x00000000d5c80000,0x00000000d5d80000)
 ParOldGen       total 1107968K, used 1107750K [0x0000000080000000, 0x00000000c3a00000, 0x00000000d5580000)
  object space 1107968K, 99% used [0x0000000080000000,0x00000000c39c9928,0x00000000c3a00000)
 Metaspace       used 89510K, committed 91008K, reserved 1179648K
  class space    used 9199K, committed 9856K, reserved 1048576K
}
Event: 977.986 GC heap before
{Heap before GC invocations=3403 (full 5):
 PSYoungGen      total 7168K, used 5897K [0x00000000d5580000, 0x00000000d5d80000, 0x0000000100000000)
  eden space 5120K, 100% used [0x00000000d5580000,0x00000000d5a80000,0x00000000d5a80000)
  from space 2048K, 37% used [0x00000000d5a80000,0x00000000d5b426b8,0x00000000d5c80000)
  to   space 1024K, 0% used [0x00000000d5c80000,0x00000000d5c80000,0x00000000d5d80000)
 ParOldGen       total 1107968K, used 1107750K [0x0000000080000000, 0x00000000c3a00000, 0x00000000d5580000)
  object space 1107968K, 99% used [0x0000000080000000,0x00000000c39c9928,0x00000000c3a00000)
 Metaspace       used 89510K, committed 91008K, reserved 1179648K
  class space    used 9199K, committed 9856K, reserved 1048576K
}
Event: 980.019 GC heap after
{Heap after GC invocations=3403 (full 5):
 PSYoungGen      total 6144K, used 1017K [0x00000000d5580000, 0x00000000d5d80000, 0x0000000100000000)
  eden space 5120K, 0% used [0x00000000d5580000,0x00000000d5580000,0x00000000d5a80000)
  from space 1024K, 99% used [0x00000000d5c80000,0x00000000d5d7e410,0x00000000d5d80000)
  to   space 2048K, 0% used [0x00000000d5a80000,0x00000000d5a80000,0x00000000d5c80000)
 ParOldGen       total 1111552K, used 1111183K [0x0000000080000000, 0x00000000c3d80000, 0x00000000d5580000)
  object space 1111552K, 99% used [0x0000000080000000,0x00000000c3d23ff0,0x00000000c3d80000)
 Metaspace       used 89510K, committed 91008K, reserved 1179648K
  class space    used 9199K, committed 9856K, reserved 1048576K
}

